Performing system checks...

System check identified no issues (0 silenced).
January 26, 2024 - 22:23:14
Django version 5.0.1, using settings 'sandbox.settings'
Starting development server at http://127.0.0.1:8000/
Quit the server with CONTROL-C.

2024-01-26 22:25:07,882 INFO     Killed 0 pending application instances
127.0.0.1:56532 - - [26/Jan/2024:22:23:17] "WSCONNECTING /ws/some_path/" - -
127.0.0.1:56532 - - [26/Jan/2024:22:23:17] "WSDISCONNECT /ws/some_path/" - -
Watching for file changes with StatReloader
Watching for file changes with StatReloader
Error: That port is already in use.
Watching for file changes with StatReloader
Error: That port is already in use.
[26/Jan/2024 23:59:26] "GET / HTTP/1.1" 200 1087
[26/Jan/2024 23:59:27] "GET /api/get-billboard-data/ HTTP/1.1" 200 73
[26/Jan/2024 23:59:49] "GET / HTTP/1.1" 200 1087
[26/Jan/2024 23:59:49] "GET /api/get-billboard-data/ HTTP/1.1" 200 94
/Users/nathanaelmiksis/Documents/workspace/sandbox/sandbox/sphere/models.py changed, reloading.
Performing system checks...

System check identified no issues (0 silenced).
January 26, 2024 - 23:59:10
Django version 5.0.1, using settings 'sandbox.settings'
Starting development server at http://127.0.0.1:8000/
Quit the server with CONTROL-C.

Watching for file changes with StatReloader
Watching for file changes with StatReloader
Error: That port is already in use.
Performing system checks...

System check identified no issues (0 silenced).
January 27, 2024 - 00:02:10
Django version 5.0.1, using settings 'sandbox.settings'
Starting development server at http://127.0.0.1:8000/
Quit the server with CONTROL-C.

Watching for file changes with StatReloader
[27/Jan/2024 00:02:49] "GET / HTTP/1.1" 200 1087
[27/Jan/2024 00:02:50] "GET /api/get-billboard-data/ HTTP/1.1" 200 90
/Users/nathanaelmiksis/Documents/workspace/sandbox/sandbox/sphere/models.py changed, reloading.
Performing system checks...

System check identified no issues (0 silenced).
January 27, 2024 - 00:02:48
Django version 5.0.1, using settings 'sandbox.settings'
Starting development server at http://127.0.0.1:8000/
Quit the server with CONTROL-C.

Watching for file changes with StatReloader
Performing system checks...

System check identified no issues (0 silenced).
January 27, 2024 - 00:04:34
Django version 5.0.1, using settings 'sandbox.settings'
Starting development server at http://127.0.0.1:8000/
Quit the server with CONTROL-C.

